<?xml version="1.0" encoding="UTF-8"?>
<testsuite xmlns:xsi="http://www.w3.org/2001/XMLSchema-instance" xsi:noNamespaceSchemaLocation="https://maven.apache.org/surefire/maven-surefire-plugin/xsd/surefire-test-report-3.0.xsd" version="3.0" name="op.warehouse.backend.BackendApplicationTests" time="12.8" tests="8" errors="0" skipped="0" failures="0">
  <properties>
[...]
</properties>
  <testcase name="serviceLayerTestCase" classname="op.warehouse.backend.BackendApplicationTests" time="1.025">
    <system-out><![CDATA[22:45:41.326 [main] INFO org.springframework.test.context.support.AnnotationConfigContextLoaderUtils -- Could not detect default configuration classes for test class [op.warehouse.backend.BackendApplicationTests]: BackendApplicationTests does not declare any static, non-private, non-final, nested classes annotated with @Configuration.
22:45:41.456 [main] INFO org.springframework.boot.test.context.SpringBootTestContextBootstrapper -- Found @SpringBootConfiguration op.warehouse.backend.BackendApplication for test class op.warehouse.backend.BackendApplicationTests
22:45:41.617 [main] INFO org.springframework.boot.devtools.restart.RestartApplicationListener -- Restart disabled due to context in which it is running

  .   ____          _            __ _ _
 /\\ / ___'_ __ _ _(_)_ __  __ _ \ \ \ \
( ( )\___ | '_ | '_| | '_ \/ _` | \ \ \ \
 \\/  ___)| |_)| | | | | || (_| |  ) ) ) )
  '  |____| .__|_| |_|_| |_\__, | / / / /
 =========|_|==============|___/=/_/_/_/
 :: Spring Boot ::                (v3.2.3)

2024-06-06T22:45:41.923+08:00  INFO 13004 --- [           main] o.w.backend.BackendApplicationTests      : Starting BackendApplicationTests using Java 17.0.7 with PID 13004 (started by YXHXianYu in E:\Data\BJTU\BJTU6\6.实训\OP-Abstract-Warehouse-Management-System\backend)
2024-06-06T22:45:41.927+08:00  INFO 13004 --- [           main] o.w.backend.BackendApplicationTests      : No active profile set, falling back to 1 default profile: "default"
2024-06-06T22:45:42.555+08:00  INFO 13004 --- [           main] .s.d.r.c.RepositoryConfigurationDelegate : Multiple Spring Data modules found, entering strict repository configuration mode
2024-06-06T22:45:42.556+08:00  INFO 13004 --- [           main] .s.d.r.c.RepositoryConfigurationDelegate : Bootstrapping Spring Data JPA repositories in DEFAULT mode.
2024-06-06T22:45:42.695+08:00  INFO 13004 --- [           main] .s.d.r.c.RepositoryConfigurationDelegate : Finished Spring Data repository scanning in 132 ms. Found 7 JPA repository interfaces.
2024-06-06T22:45:42.924+08:00  INFO 13004 --- [           main] .s.d.r.c.RepositoryConfigurationDelegate : Multiple Spring Data modules found, entering strict repository configuration mode
2024-06-06T22:45:42.926+08:00  INFO 13004 --- [           main] .s.d.r.c.RepositoryConfigurationDelegate : Bootstrapping Spring Data Redis repositories in DEFAULT mode.
2024-06-06T22:45:42.966+08:00  INFO 13004 --- [           main] .RepositoryConfigurationExtensionSupport : Spring Data Redis - Could not safely identify store assignment for repository candidate interface op.warehouse.backend.repository.CargoClassRepository; If you want this repository to be a Redis repository, consider annotating your entities with one of these annotations: org.springframework.data.redis.core.RedisHash (preferred), or consider extending one of the following types with your repository: org.springframework.data.keyvalue.repository.KeyValueRepository
2024-06-06T22:45:42.966+08:00  INFO 13004 --- [           main] .RepositoryConfigurationExtensionSupport : Spring Data Redis - Could not safely identify store assignment for repository candidate interface op.warehouse.backend.repository.CargoItemRepository; If you want this repository to be a Redis repository, consider annotating your entities with one of these annotations: org.springframework.data.redis.core.RedisHash (preferred), or consider extending one of the following types with your repository: org.springframework.data.keyvalue.repository.KeyValueRepository
2024-06-06T22:45:42.967+08:00  INFO 13004 --- [           main] .RepositoryConfigurationExtensionSupport : Spring Data Redis - Could not safely identify store assignment for repository candidate interface op.warehouse.backend.repository.CargoTypeRepository; If you want this repository to be a Redis repository, consider annotating your entities with one of these annotations: org.springframework.data.redis.core.RedisHash (preferred), or consider extending one of the following types with your repository: org.springframework.data.keyvalue.repository.KeyValueRepository
2024-06-06T22:45:42.967+08:00  INFO 13004 --- [           main] .RepositoryConfigurationExtensionSupport : Spring Data Redis - Could not safely identify store assignment for repository candidate interface op.warehouse.backend.repository.InOutOrderRepository; If you want this repository to be a Redis repository, consider annotating your entities with one of these annotations: org.springframework.data.redis.core.RedisHash (preferred), or consider extending one of the following types with your repository: org.springframework.data.keyvalue.repository.KeyValueRepository
2024-06-06T22:45:42.967+08:00  INFO 13004 --- [           main] .RepositoryConfigurationExtensionSupport : Spring Data Redis - Could not safely identify store assignment for repository candidate interface op.warehouse.backend.repository.WarehouseAreaRepository; If you want this repository to be a Redis repository, consider annotating your entities with one of these annotations: org.springframework.data.redis.core.RedisHash (preferred), or consider extending one of the following types with your repository: org.springframework.data.keyvalue.repository.KeyValueRepository
2024-06-06T22:45:42.967+08:00  INFO 13004 --- [           main] .RepositoryConfigurationExtensionSupport : Spring Data Redis - Could not safely identify store assignment for repository candidate interface op.warehouse.backend.repository.WarehouseManagerRepository; If you want this repository to be a Redis repository, consider annotating your entities with one of these annotations: org.springframework.data.redis.core.RedisHash (preferred), or consider extending one of the following types with your repository: org.springframework.data.keyvalue.repository.KeyValueRepository
2024-06-06T22:45:42.967+08:00  INFO 13004 --- [           main] .RepositoryConfigurationExtensionSupport : Spring Data Redis - Could not safely identify store assignment for repository candidate interface op.warehouse.backend.repository.WarehouseRepository; If you want this repository to be a Redis repository, consider annotating your entities with one of these annotations: org.springframework.data.redis.core.RedisHash (preferred), or consider extending one of the following types with your repository: org.springframework.data.keyvalue.repository.KeyValueRepository
2024-06-06T22:45:42.967+08:00  INFO 13004 --- [           main] .s.d.r.c.RepositoryConfigurationDelegate : Finished Spring Data repository scanning in 28 ms. Found 0 Redis repository interfaces.
2024-06-06T22:45:43.292+08:00  WARN 13004 --- [           main] trationDelegate$BeanPostProcessorChecker : Bean 'shiroConfig' of type [op.warehouse.backend.configuration.ShiroConfig$$SpringCGLIB$$0] is not eligible for getting processed by all BeanPostProcessors (for example: not eligible for auto-proxying). The currently created BeanPostProcessor [lifecycleBeanPostProcessor] is declared through a non-static factory method on that class; consider declaring it as static instead.
2024-06-06T22:45:43.372+08:00  WARN 13004 --- [           main] trationDelegate$BeanPostProcessorChecker : Bean 'jwtUtil' of type [op.warehouse.backend.util.JwtUtil] is not eligible for getting processed by all BeanPostProcessors (for example: not eligible for auto-proxying). Is this bean getting eagerly injected into a currently created BeanPostProcessor []? Check the corresponding BeanPostProcessor declaration and its dependencies.
2024-06-06T22:45:43.385+08:00  WARN 13004 --- [           main] trationDelegate$BeanPostProcessorChecker : Bean 'jpa.named-queries#0' of type [org.springframework.data.repository.config.PropertiesBasedNamedQueriesFactoryBean] is not eligible for getting processed by all BeanPostProcessors (for example: not eligible for auto-proxying). Is this bean getting eagerly injected into a currently created BeanPostProcessor []? Check the corresponding BeanPostProcessor declaration and its dependencies.
2024-06-06T22:45:43.386+08:00  WARN 13004 --- [           main] trationDelegate$BeanPostProcessorChecker : Bean 'jpa.named-queries#0' of type [org.springframework.data.repository.core.support.PropertiesBasedNamedQueries] is not eligible for getting processed by all BeanPostProcessors (for example: not eligible for auto-proxying). Is this bean getting eagerly injected into a currently created BeanPostProcessor []? Check the corresponding BeanPostProcessor declaration and its dependencies.
2024-06-06T22:45:43.393+08:00  WARN 13004 --- [           main] trationDelegate$BeanPostProcessorChecker : Bean 'org.springframework.boot.autoconfigure.sql.init.DataSourceInitializationConfiguration' of type [org.springframework.boot.autoconfigure.sql.init.DataSourceInitializationConfiguration] is not eligible for getting processed by all BeanPostProcessors (for example: not eligible for auto-proxying). Is this bean getting eagerly injected into a currently created BeanPostProcessor []? Check the corresponding BeanPostProcessor declaration and its dependencies.
2024-06-06T22:45:43.394+08:00  WARN 13004 --- [           main] trationDelegate$BeanPostProcessorChecker : Bean 'org.springframework.boot.autoconfigure.jdbc.DataSourceConfiguration$Hikari' of type [org.springframework.boot.autoconfigure.jdbc.DataSourceConfiguration$Hikari] is not eligible for getting processed by all BeanPostProcessors (for example: not eligible for auto-proxying). Is this bean getting eagerly injected into a currently created BeanPostProcessor []? Check the corresponding BeanPostProcessor declaration and its dependencies.
2024-06-06T22:45:43.413+08:00  WARN 13004 --- [           main] trationDelegate$BeanPostProcessorChecker : Bean 'spring.datasource-org.springframework.boot.autoconfigure.jdbc.DataSourceProperties' of type [org.springframework.boot.autoconfigure.jdbc.DataSourceProperties] is not eligible for getting processed by all BeanPostProcessors (for example: not eligible for auto-proxying). Is this bean getting eagerly injected into a currently created BeanPostProcessor []? Check the corresponding BeanPostProcessor declaration and its dependencies.
2024-06-06T22:45:43.415+08:00  WARN 13004 --- [           main] trationDelegate$BeanPostProcessorChecker : Bean 'org.springframework.boot.autoconfigure.jdbc.DataSourceAutoConfiguration$PooledDataSourceConfiguration' of type [org.springframework.boot.autoconfigure.jdbc.DataSourceAutoConfiguration$PooledDataSourceConfiguration] is not eligible for getting processed by all BeanPostProcessors (for example: not eligible for auto-proxying). Is this bean getting eagerly injected into a currently created BeanPostProcessor []? Check the corresponding BeanPostProcessor declaration and its dependencies.
2024-06-06T22:45:43.416+08:00  WARN 13004 --- [           main] trationDelegate$BeanPostProcessorChecker : Bean 'jdbcConnectionDetails' of type [org.springframework.boot.autoconfigure.jdbc.PropertiesJdbcConnectionDetails] is not eligible for getting processed by all BeanPostProcessors (for example: not eligible for auto-proxying). Is this bean getting eagerly injected into a currently created BeanPostProcessor []? Check the corresponding BeanPostProcessor declaration and its dependencies.
2024-06-06T22:45:43.431+08:00  WARN 13004 --- [           main] trationDelegate$BeanPostProcessorChecker : Bean 'dataSource' of type [com.zaxxer.hikari.HikariDataSource] is not eligible for getting processed by all BeanPostProcessors (for example: not eligible for auto-proxying). Is this bean getting eagerly injected into a currently created BeanPostProcessor []? Check the corresponding BeanPostProcessor declaration and its dependencies.
2024-06-06T22:45:43.436+08:00  WARN 13004 --- [           main] trationDelegate$BeanPostProcessorChecker : Bean 'spring.sql.init-org.springframework.boot.autoconfigure.sql.init.SqlInitializationProperties' of type [org.springframework.boot.autoconfigure.sql.init.SqlInitializationProperties] is not eligible for getting processed by all BeanPostProcessors (for example: not eligible for auto-proxying). Is this bean getting eagerly injected into a currently created BeanPostProcessor []? Check the corresponding BeanPostProcessor declaration and its dependencies.
2024-06-06T22:45:43.441+08:00  WARN 13004 --- [           main] trationDelegate$BeanPostProcessorChecker : Bean 'dataSourceScriptDatabaseInitializer' of type [org.springframework.boot.autoconfigure.sql.init.SqlDataSourceScriptDatabaseInitializer] is not eligible for getting processed by all BeanPostProcessors (for example: not eligible for auto-proxying). Is this bean getting eagerly injected into a currently created BeanPostProcessor []? Check the corresponding BeanPostProcessor declaration and its dependencies.
2024-06-06T22:45:43.448+08:00  WARN 13004 --- [           main] trationDelegate$BeanPostProcessorChecker : Bean 'spring.jpa-org.springframework.boot.autoconfigure.orm.jpa.JpaProperties' of type [org.springframework.boot.autoconfigure.orm.jpa.JpaProperties] is not eligible for getting processed by all BeanPostProcessors (for example: not eligible for auto-proxying). Is this bean getting eagerly injected into a currently created BeanPostProcessor []? Check the corresponding BeanPostProcessor declaration and its dependencies.
2024-06-06T22:45:43.451+08:00  WARN 13004 --- [           main] trationDelegate$BeanPostProcessorChecker : Bean 'spring.jpa.hibernate-org.springframework.boot.autoconfigure.orm.jpa.HibernateProperties' of type [org.springframework.boot.autoconfigure.orm.jpa.HibernateProperties] is not eligible for getting processed by all BeanPostProcessors (for example: not eligible for auto-proxying). Is this bean getting eagerly injected into a currently created BeanPostProcessor []? Check the corresponding BeanPostProcessor declaration and its dependencies.
2024-06-06T22:45:43.454+08:00  WARN 13004 --- [           main] trationDelegate$BeanPostProcessorChecker : Bean 'org.springframework.boot.autoconfigure.jdbc.metadata.DataSourcePoolMetadataProvidersConfiguration$HikariPoolDataSourceMetadataProviderConfiguration' of type [org.springframework.boot.autoconfigure.jdbc.metadata.DataSourcePoolMetadataProvidersConfiguration$HikariPoolDataSourceMetadataProviderConfiguration] is not eligible for getting processed by all BeanPostProcessors (for example: not eligible for auto-proxying). Is this bean getting eagerly injected into a currently created BeanPostProcessor []? Check the corresponding BeanPostProcessor declaration and its dependencies.
2024-06-06T22:45:43.455+08:00  WARN 13004 --- [           main] trationDelegate$BeanPostProcessorChecker : Bean 'hikariPoolDataSourceMetadataProvider' of type [org.springframework.boot.autoconfigure.jdbc.metadata.DataSourcePoolMetadataProvidersConfiguration$HikariPoolDataSourceMetadataProviderConfiguration$$Lambda$992/0x00000008010c2848] is not eligible for getting processed by all BeanPostProcessors (for example: not eligible for auto-proxying). Is this bean getting eagerly injected into a currently created BeanPostProcessor []? Check the corresponding BeanPostProcessor declaration and its dependencies.
2024-06-06T22:45:43.459+08:00  WARN 13004 --- [           main] trationDelegate$BeanPostProcessorChecker : Bean 'org.springframework.boot.autoconfigure.orm.jpa.HibernateJpaConfiguration' of type [org.springframework.boot.autoconfigure.orm.jpa.HibernateJpaConfiguration] is not eligible for getting processed by all BeanPostProcessors (for example: not eligible for auto-proxying). Is this bean getting eagerly injected into a currently created BeanPostProcessor []? Check the corresponding BeanPostProcessor declaration and its dependencies.
2024-06-06T22:45:43.478+08:00  WARN 13004 --- [           main] trationDelegate$BeanPostProcessorChecker : Bean 'jpaVendorAdapter' of type [org.springframework.orm.jpa.vendor.HibernateJpaVendorAdapter] is not eligible for getting processed by all BeanPostProcessors (for example: not eligible for auto-proxying). Is this bean getting eagerly injected into a currently created BeanPostProcessor []? Check the corresponding BeanPostProcessor declaration and its dependencies.
2024-06-06T22:45:43.482+08:00  WARN 13004 --- [           main] trationDelegate$BeanPostProcessorChecker : Bean 'entityManagerFactoryBuilder' of type [org.springframework.boot.orm.jpa.EntityManagerFactoryBuilder] is not eligible for getting processed by all BeanPostProcessors (for example: not eligible for auto-proxying). Is this bean getting eagerly injected into a currently created BeanPostProcessor []? Check the corresponding BeanPostProcessor declaration and its dependencies.
2024-06-06T22:45:43.492+08:00  WARN 13004 --- [           main] trationDelegate$BeanPostProcessorChecker : Bean 'persistenceManagedTypes' of type [org.springframework.orm.jpa.persistenceunit.SimplePersistenceManagedTypes] is not eligible for getting processed by all BeanPostProcessors (for example: not eligible for auto-proxying). Is this bean getting eagerly injected into a currently created BeanPostProcessor []? Check the corresponding BeanPostProcessor declaration and its dependencies.
2024-06-06T22:45:43.541+08:00  INFO 13004 --- [           main] o.hibernate.jpa.internal.util.LogHelper  : HHH000204: Processing PersistenceUnitInfo [name: default]
2024-06-06T22:45:43.615+08:00  INFO 13004 --- [           main] org.hibernate.Version                    : HHH000412: Hibernate ORM core version 6.4.4.Final
2024-06-06T22:45:43.654+08:00  INFO 13004 --- [           main] o.h.c.internal.RegionFactoryInitiator    : HHH000026: Second-level cache disabled
2024-06-06T22:45:43.982+08:00  INFO 13004 --- [           main] o.s.o.j.p.SpringPersistenceUnitInfo      : No LoadTimeWeaver setup: ignoring JPA class transformer
2024-06-06T22:45:44.003+08:00  INFO 13004 --- [           main] com.zaxxer.hikari.HikariDataSource       : HikariPool-1 - Starting...
2024-06-06T22:45:44.584+08:00  INFO 13004 --- [           main] com.zaxxer.hikari.pool.HikariPool        : HikariPool-1 - Added connection com.mysql.cj.jdbc.ConnectionImpl@6e017950
2024-06-06T22:45:44.594+08:00  INFO 13004 --- [           main] com.zaxxer.hikari.HikariDataSource       : HikariPool-1 - Start completed.
2024-06-06T22:45:44.694+08:00  WARN 13004 --- [           main] org.hibernate.orm.deprecation            : HHH90000025: MySQLDialect does not need to be specified explicitly using 'hibernate.dialect' (remove the property setting and it will be selected by default)
2024-06-06T22:45:45.618+08:00  INFO 13004 --- [           main] o.h.e.t.j.p.i.JtaPlatformInitiator       : HHH000489: No JTA platform available (set 'hibernate.transaction.jta.platform' to enable JTA platform integration)
2024-06-06T22:45:47.484+08:00  INFO 13004 --- [           main] j.LocalContainerEntityManagerFactoryBean : Initialized JPA EntityManagerFactory for persistence unit 'default'
2024-06-06T22:45:47.486+08:00  WARN 13004 --- [           main] trationDelegate$BeanPostProcessorChecker : Bean 'entityManagerFactory' of type [org.springframework.orm.jpa.LocalContainerEntityManagerFactoryBean] is not eligible for getting processed by all BeanPostProcessors (for example: not eligible for auto-proxying). Is this bean getting eagerly injected into a currently created BeanPostProcessor []? Check the corresponding BeanPostProcessor declaration and its dependencies.
2024-06-06T22:45:47.488+08:00  WARN 13004 --- [           main] trationDelegate$BeanPostProcessorChecker : Bean 'entityManagerFactory' of type [jdk.proxy2.$Proxy131] is not eligible for getting processed by all BeanPostProcessors (for example: not eligible for auto-proxying). Is this bean getting eagerly injected into a currently created BeanPostProcessor []? Check the corresponding BeanPostProcessor declaration and its dependencies.
2024-06-06T22:45:47.514+08:00  WARN 13004 --- [           main] trationDelegate$BeanPostProcessorChecker : Bean 'jpaSharedEM_entityManagerFactory' of type [jdk.proxy2.$Proxy132] is not eligible for getting processed by all BeanPostProcessors (for example: not eligible for auto-proxying). Is this bean getting eagerly injected into a currently created BeanPostProcessor []? Check the corresponding BeanPostProcessor declaration and its dependencies.
2024-06-06T22:45:47.535+08:00  WARN 13004 --- [           main] trationDelegate$BeanPostProcessorChecker : Bean 'jpaMappingContext' of type [org.springframework.data.jpa.repository.config.JpaMetamodelMappingContextFactoryBean] is not eligible for getting processed by all BeanPostProcessors (for example: not eligible for auto-proxying). Is this bean getting eagerly injected into a currently created BeanPostProcessor []? Check the corresponding BeanPostProcessor declaration and its dependencies.
2024-06-06T22:45:47.536+08:00  WARN 13004 --- [           main] trationDelegate$BeanPostProcessorChecker : Bean 'jpaMappingContext' of type [org.springframework.data.jpa.mapping.JpaMetamodelMappingContext] is not eligible for getting processed by all BeanPostProcessors (for example: not eligible for auto-proxying). Is this bean getting eagerly injected into a currently created BeanPostProcessor []? Check the corresponding BeanPostProcessor declaration and its dependencies.
2024-06-06T22:45:47.886+08:00  WARN 13004 --- [           main] trationDelegate$BeanPostProcessorChecker : Bean 'warehouseManagerRepository' of type [org.springframework.data.jpa.repository.support.JpaRepositoryFactoryBean] is not eligible for getting processed by all BeanPostProcessors (for example: not eligible for auto-proxying). Is this bean getting eagerly injected into a currently created BeanPostProcessor []? Check the corresponding BeanPostProcessor declaration and its dependencies.
2024-06-06T22:45:47.888+08:00  WARN 13004 --- [           main] trationDelegate$BeanPostProcessorChecker : Bean 'warehouseManagerRepository' of type [jdk.proxy2.$Proxy136] is not eligible for getting processed by all BeanPostProcessors (for example: not eligible for auto-proxying). Is this bean getting eagerly injected into a currently created BeanPostProcessor []? Check the corresponding BeanPostProcessor declaration and its dependencies.
2024-06-06T22:45:47.893+08:00  WARN 13004 --- [           main] trationDelegate$BeanPostProcessorChecker : Bean 'userService' of type [op.warehouse.backend.service.UserService] is not eligible for getting processed by all BeanPostProcessors (for example: not eligible for auto-proxying). Is this bean getting eagerly injected into a currently created BeanPostProcessor []? Check the corresponding BeanPostProcessor declaration and its dependencies.
2024-06-06T22:45:47.893+08:00  WARN 13004 --- [           main] trationDelegate$BeanPostProcessorChecker : Bean 'accountRealm' of type [op.warehouse.backend.security.AccountRealm] is not eligible for getting processed by all BeanPostProcessors (for example: not eligible for auto-proxying). Is this bean getting eagerly injected into a currently created BeanPostProcessor []? Check the corresponding BeanPostProcessor declaration and its dependencies.
2024-06-06T22:45:47.914+08:00  WARN 13004 --- [           main] trationDelegate$BeanPostProcessorChecker : Bean 'securityManager' of type [org.apache.shiro.web.mgt.DefaultWebSecurityManager] is not eligible for getting processed by all BeanPostProcessors (for example: not eligible for auto-proxying). Is this bean getting eagerly injected into a currently created BeanPostProcessor []? Check the corresponding BeanPostProcessor declaration and its dependencies.
2024-06-06T22:45:47.928+08:00  WARN 13004 --- [           main] trationDelegate$BeanPostProcessorChecker : Bean 'authorizationAttributeSourceAdvisor' of type [op.warehouse.backend.security.RoleTypeAuthorizationAttributeSourceAdvisor] is not eligible for getting processed by all BeanPostProcessors (for example: not eligible for auto-proxying). Is this bean getting eagerly injected into a currently created BeanPostProcessor []? Check the corresponding BeanPostProcessor declaration and its dependencies.
2024-06-06T22:45:49.836+08:00  INFO 13004 --- [           main] o.s.b.t.m.w.SpringBootMockServletContext : Initializing Spring TestDispatcherServlet ''
2024-06-06T22:45:49.836+08:00  INFO 13004 --- [           main] o.s.t.web.servlet.TestDispatcherServlet  : Initializing Servlet ''
2024-06-06T22:45:49.838+08:00  INFO 13004 --- [           main] o.s.t.web.servlet.TestDispatcherServlet  : Completed initialization in 1 ms
2024-06-06T22:45:49.964+08:00  INFO 13004 --- [           main] o.a.k.clients.consumer.ConsumerConfig    : ConsumerConfig values: 
	allow.auto.create.topics = true
	auto.commit.interval.ms = 2000
	auto.include.jmx.reporter = true
	auto.offset.reset = latest
	bootstrap.servers = [8.140.250.103:9092]
	check.crcs = true
	client.dns.lookup = use_all_dns_ips
	client.id = consumer-testGroup-1
	client.rack = 
	connections.max.idle.ms = 540000
	default.api.timeout.ms = 60000
	enable.auto.commit = true
	exclude.internal.topics = true
	fetch.max.bytes = 52428800
	fetch.max.wait.ms = 500
	fetch.min.bytes = 1
	group.id = testGroup
	group.instance.id = null
	heartbeat.interval.ms = 3000
	interceptor.classes = []
	internal.leave.group.on.close = true
	internal.throw.on.fetch.stable.offset.unsupported = false
	isolation.level = read_uncommitted
	key.deserializer = class org.apache.kafka.common.serialization.StringDeserializer
	max.partition.fetch.bytes = 1048576
	max.poll.interval.ms = 300000
	max.poll.records = 1
	metadata.max.age.ms = 300000
	metric.reporters = []
	metrics.num.samples = 2
	metrics.recording.level = INFO
	metrics.sample.window.ms = 30000
	partition.assignment.strategy = [class org.apache.kafka.clients.consumer.RangeAssignor, class org.apache.kafka.clients.consumer.CooperativeStickyAssignor]
	receive.buffer.bytes = 65536
	reconnect.backoff.max.ms = 1000
	reconnect.backoff.ms = 50
	request.timeout.ms = 18000
	retry.backoff.ms = 100
	sasl.client.callback.handler.class = null
	sasl.jaas.config = null
	sasl.kerberos.kinit.cmd = /usr/bin/kinit
	sasl.kerberos.min.time.before.relogin = 60000
	sasl.kerberos.service.name = null
	sasl.kerberos.ticket.renew.jitter = 0.05
	sasl.kerberos.ticket.renew.window.factor = 0.8
	sasl.login.callback.handler.class = null
	sasl.login.class = null
	sasl.login.connect.timeout.ms = null
	sasl.login.read.timeout.ms = null
	sasl.login.refresh.buffer.seconds = 300
	sasl.login.refresh.min.period.seconds = 60
	sasl.login.refresh.window.factor = 0.8
	sasl.login.refresh.window.jitter = 0.05
	sasl.login.retry.backoff.max.ms = 10000
	sasl.login.retry.backoff.ms = 100
	sasl.mechanism = GSSAPI
	sasl.oauthbearer.clock.skew.seconds = 30
	sasl.oauthbearer.expected.audience = null
	sasl.oauthbearer.expected.issuer = null
	sasl.oauthbearer.jwks.endpoint.refresh.ms = 3600000
	sasl.oauthbearer.jwks.endpoint.retry.backoff.max.ms = 10000
	sasl.oauthbearer.jwks.endpoint.retry.backoff.ms = 100
	sasl.oauthbearer.jwks.endpoint.url = null
	sasl.oauthbearer.scope.claim.name = scope
	sasl.oauthbearer.sub.claim.name = sub
	sasl.oauthbearer.token.endpoint.url = null
	security.protocol = PLAINTEXT
	security.providers = null
	send.buffer.bytes = 131072
	session.timeout.ms = 120000
	socket.connection.setup.timeout.max.ms = 30000
	socket.connection.setup.timeout.ms = 10000
	ssl.cipher.suites = null
	ssl.enabled.protocols = [TLSv1.2, TLSv1.3]
	ssl.endpoint.identification.algorithm = https
	ssl.engine.factory.class = null
	ssl.key.password = null
	ssl.keymanager.algorithm = SunX509
	ssl.keystore.certificate.chain = null
	ssl.keystore.key = null
	ssl.keystore.location = null
	ssl.keystore.password = null
	ssl.keystore.type = JKS
	ssl.protocol = TLSv1.3
	ssl.provider = null
	ssl.secure.random.implementation = null
	ssl.trustmanager.algorithm = PKIX
	ssl.truststore.certificates = null
	ssl.truststore.location = null
	ssl.truststore.password = null
	ssl.truststore.type = JKS
	value.deserializer = class org.apache.kafka.common.serialization.StringDeserializer

2024-06-06T22:45:50.167+08:00  INFO 13004 --- [           main] o.a.kafka.common.utils.AppInfoParser     : Kafka version: 3.6.1
2024-06-06T22:45:50.168+08:00  INFO 13004 --- [           main] o.a.kafka.common.utils.AppInfoParser     : Kafka commitId: 5e3c2b738d253ff5
2024-06-06T22:45:50.168+08:00  INFO 13004 --- [           main] o.a.kafka.common.utils.AppInfoParser     : Kafka startTimeMs: 1717685150165
2024-06-06T22:45:50.172+08:00  INFO 13004 --- [           main] fkaConsumerFactory$ExtendedKafkaConsumer : [Consumer clientId=consumer-testGroup-1, groupId=testGroup] Subscribed to topic(s): accomplish
2024-06-06T22:45:50.182+08:00  INFO 13004 --- [           main] o.a.k.clients.consumer.ConsumerConfig    : ConsumerConfig values: 
	allow.auto.create.topics = true
	auto.commit.interval.ms = 2000
	auto.include.jmx.reporter = true
	auto.offset.reset = latest
	bootstrap.servers = [8.140.250.103:9092]
	check.crcs = true
	client.dns.lookup = use_all_dns_ips
	client.id = consumer-testGroup-2
	client.rack = 
	connections.max.idle.ms = 540000
	default.api.timeout.ms = 60000
	enable.auto.commit = true
	exclude.internal.topics = true
	fetch.max.bytes = 52428800
	fetch.max.wait.ms = 500
	fetch.min.bytes = 1
	group.id = testGroup
	group.instance.id = null
	heartbeat.interval.ms = 3000
	interceptor.classes = []
	internal.leave.group.on.close = true
	internal.throw.on.fetch.stable.offset.unsupported = false
	isolation.level = read_uncommitted
	key.deserializer = class org.apache.kafka.common.serialization.StringDeserializer
	max.partition.fetch.bytes = 1048576
	max.poll.interval.ms = 300000
	max.poll.records = 1
	metadata.max.age.ms = 300000
	metric.reporters = []
	metrics.num.samples = 2
	metrics.recording.level = INFO
	metrics.sample.window.ms = 30000
	partition.assignment.strategy = [class org.apache.kafka.clients.consumer.RangeAssignor, class org.apache.kafka.clients.consumer.CooperativeStickyAssignor]
	receive.buffer.bytes = 65536
	reconnect.backoff.max.ms = 1000
	reconnect.backoff.ms = 50
	request.timeout.ms = 18000
	retry.backoff.ms = 100
	sasl.client.callback.handler.class = null
	sasl.jaas.config = null
	sasl.kerberos.kinit.cmd = /usr/bin/kinit
	sasl.kerberos.min.time.before.relogin = 60000
	sasl.kerberos.service.name = null
	sasl.kerberos.ticket.renew.jitter = 0.05
	sasl.kerberos.ticket.renew.window.factor = 0.8
	sasl.login.callback.handler.class = null
	sasl.login.class = null
	sasl.login.connect.timeout.ms = null
	sasl.login.read.timeout.ms = null
	sasl.login.refresh.buffer.seconds = 300
	sasl.login.refresh.min.period.seconds = 60
	sasl.login.refresh.window.factor = 0.8
	sasl.login.refresh.window.jitter = 0.05
	sasl.login.retry.backoff.max.ms = 10000
	sasl.login.retry.backoff.ms = 100
	sasl.mechanism = GSSAPI
	sasl.oauthbearer.clock.skew.seconds = 30
	sasl.oauthbearer.expected.audience = null
	sasl.oauthbearer.expected.issuer = null
	sasl.oauthbearer.jwks.endpoint.refresh.ms = 3600000
	sasl.oauthbearer.jwks.endpoint.retry.backoff.max.ms = 10000
	sasl.oauthbearer.jwks.endpoint.retry.backoff.ms = 100
	sasl.oauthbearer.jwks.endpoint.url = null
	sasl.oauthbearer.scope.claim.name = scope
	sasl.oauthbearer.sub.claim.name = sub
	sasl.oauthbearer.token.endpoint.url = null
	security.protocol = PLAINTEXT
	security.providers = null
	send.buffer.bytes = 131072
	session.timeout.ms = 120000
	socket.connection.setup.timeout.max.ms = 30000
	socket.connection.setup.timeout.ms = 10000
	ssl.cipher.suites = null
	ssl.enabled.protocols = [TLSv1.2, TLSv1.3]
	ssl.endpoint.identification.algorithm = https
	ssl.engine.factory.class = null
	ssl.key.password = null
	ssl.keymanager.algorithm = SunX509
	ssl.keystore.certificate.chain = null
	ssl.keystore.key = null
	ssl.keystore.location = null
	ssl.keystore.password = null
	ssl.keystore.type = JKS
	ssl.protocol = TLSv1.3
	ssl.provider = null
	ssl.secure.random.implementation = null
	ssl.trustmanager.algorithm = PKIX
	ssl.truststore.certificates = null
	ssl.truststore.location = null
	ssl.truststore.password = null
	ssl.truststore.type = JKS
	value.deserializer = class org.apache.kafka.common.serialization.StringDeserializer

2024-06-06T22:45:50.190+08:00  INFO 13004 --- [           main] o.a.kafka.common.utils.AppInfoParser     : Kafka version: 3.6.1
2024-06-06T22:45:50.191+08:00  INFO 13004 --- [           main] o.a.kafka.common.utils.AppInfoParser     : Kafka commitId: 5e3c2b738d253ff5
2024-06-06T22:45:50.191+08:00  INFO 13004 --- [           main] o.a.kafka.common.utils.AppInfoParser     : Kafka startTimeMs: 1717685150190
2024-06-06T22:45:50.191+08:00  INFO 13004 --- [           main] fkaConsumerFactory$ExtendedKafkaConsumer : [Consumer clientId=consumer-testGroup-2, groupId=testGroup] Subscribed to topic(s): start
2024-06-06T22:45:50.200+08:00  INFO 13004 --- [           main] o.w.backend.BackendApplicationTests      : Started BackendApplicationTests in 8.597 seconds (process running for 9.595)
2024-06-06T22:45:50.622+08:00  INFO 13004 --- [ntainer#1-0-C-1] org.apache.kafka.clients.Metadata        : [Consumer clientId=consumer-testGroup-2, groupId=testGroup] Cluster ID: B4PJLCBtTfiUMNYQHzK2tg
2024-06-06T22:45:50.622+08:00  INFO 13004 --- [ntainer#0-0-C-1] org.apache.kafka.clients.Metadata        : [Consumer clientId=consumer-testGroup-1, groupId=testGroup] Cluster ID: B4PJLCBtTfiUMNYQHzK2tg
2024-06-06T22:45:50.624+08:00  INFO 13004 --- [ntainer#0-0-C-1] o.a.k.c.c.internals.ConsumerCoordinator  : [Consumer clientId=consumer-testGroup-1, groupId=testGroup] Discovered group coordinator 8.140.250.103:9092 (id: 2147483647 rack: null)
2024-06-06T22:45:50.624+08:00  INFO 13004 --- [ntainer#1-0-C-1] o.a.k.c.c.internals.ConsumerCoordinator  : [Consumer clientId=consumer-testGroup-2, groupId=testGroup] Discovered group coordinator 8.140.250.103:9092 (id: 2147483647 rack: null)
2024-06-06T22:45:50.630+08:00  INFO 13004 --- [ntainer#0-0-C-1] o.a.k.c.c.internals.ConsumerCoordinator  : [Consumer clientId=consumer-testGroup-1, groupId=testGroup] (Re-)joining group
2024-06-06T22:45:50.630+08:00  INFO 13004 --- [ntainer#1-0-C-1] o.a.k.c.c.internals.ConsumerCoordinator  : [Consumer clientId=consumer-testGroup-2, groupId=testGroup] (Re-)joining group
2024-06-06T22:45:50.663+08:00  INFO 13004 --- [ntainer#0-0-C-1] o.a.k.c.c.internals.ConsumerCoordinator  : [Consumer clientId=consumer-testGroup-1, groupId=testGroup] Request joining group due to: need to re-join with the given member-id: consumer-testGroup-1-620f5c6d-f983-4c78-a3bd-2e22e1423db8
2024-06-06T22:45:50.664+08:00  INFO 13004 --- [ntainer#0-0-C-1] o.a.k.c.c.internals.ConsumerCoordinator  : [Consumer clientId=consumer-testGroup-1, groupId=testGroup] Request joining group due to: rebalance failed due to 'The group member needs to have a valid member id before actually entering a consumer group.' (MemberIdRequiredException)
2024-06-06T22:45:50.664+08:00  INFO 13004 --- [ntainer#0-0-C-1] o.a.k.c.c.internals.ConsumerCoordinator  : [Consumer clientId=consumer-testGroup-1, groupId=testGroup] (Re-)joining group
2024-06-06T22:45:50.669+08:00  INFO 13004 --- [ntainer#1-0-C-1] o.a.k.c.c.internals.ConsumerCoordinator  : [Consumer clientId=consumer-testGroup-2, groupId=testGroup] Request joining group due to: need to re-join with the given member-id: consumer-testGroup-2-8cb5548a-7229-4a84-8ecf-5875504e9622
2024-06-06T22:45:50.669+08:00  INFO 13004 --- [ntainer#1-0-C-1] o.a.k.c.c.internals.ConsumerCoordinator  : [Consumer clientId=consumer-testGroup-2, groupId=testGroup] Request joining group due to: rebalance failed due to 'The group member needs to have a valid member id before actually entering a consumer group.' (MemberIdRequiredException)
2024-06-06T22:45:50.669+08:00  INFO 13004 --- [ntainer#1-0-C-1] o.a.k.c.c.internals.ConsumerCoordinator  : [Consumer clientId=consumer-testGroup-2, groupId=testGroup] (Re-)joining group
2024-06-06T22:45:50.799+08:00  INFO 13004 --- [ntainer#0-0-C-1] o.a.k.c.c.internals.ConsumerCoordinator  : [Consumer clientId=consumer-testGroup-1, groupId=testGroup] Successfully joined group with generation Generation{generationId=167, memberId='consumer-testGroup-1-620f5c6d-f983-4c78-a3bd-2e22e1423db8', protocol='range'}
2024-06-06T22:45:50.802+08:00  INFO 13004 --- [ntainer#1-0-C-1] o.a.k.c.c.internals.ConsumerCoordinator  : [Consumer clientId=consumer-testGroup-2, groupId=testGroup] Successfully joined group with generation Generation{generationId=167, memberId='consumer-testGroup-2-8cb5548a-7229-4a84-8ecf-5875504e9622', protocol='range'}
2024-06-06T22:45:50.980+08:00  INFO 13004 --- [ntainer#0-0-C-1] o.a.k.c.c.internals.ConsumerCoordinator  : [Consumer clientId=consumer-testGroup-1, groupId=testGroup] Successfully synced group in generation Generation{generationId=167, memberId='consumer-testGroup-1-620f5c6d-f983-4c78-a3bd-2e22e1423db8', protocol='range'}
2024-06-06T22:45:50.982+08:00  INFO 13004 --- [ntainer#1-0-C-1] o.a.k.c.c.internals.ConsumerCoordinator  : [Consumer clientId=consumer-testGroup-2, groupId=testGroup] Successfully synced group in generation Generation{generationId=167, memberId='consumer-testGroup-2-8cb5548a-7229-4a84-8ecf-5875504e9622', protocol='range'}
2024-06-06T22:45:50.985+08:00  INFO 13004 --- [ntainer#1-0-C-1] o.a.k.c.c.internals.ConsumerCoordinator  : [Consumer clientId=consumer-testGroup-2, groupId=testGroup] Notifying assignor about the new Assignment(partitions=[start-0])
2024-06-06T22:45:50.985+08:00  INFO 13004 --- [ntainer#0-0-C-1] o.a.k.c.c.internals.ConsumerCoordinator  : [Consumer clientId=consumer-testGroup-1, groupId=testGroup] Notifying assignor about the new Assignment(partitions=[accomplish-0])
2024-06-06T22:45:50.988+08:00  INFO 13004 --- [ntainer#0-0-C-1] o.a.k.c.c.internals.ConsumerCoordinator  : [Consumer clientId=consumer-testGroup-1, groupId=testGroup] Adding newly assigned partitions: accomplish-0
2024-06-06T22:45:50.988+08:00  INFO 13004 --- [ntainer#1-0-C-1] o.a.k.c.c.internals.ConsumerCoordinator  : [Consumer clientId=consumer-testGroup-2, groupId=testGroup] Adding newly assigned partitions: start-0
2024-06-06T22:45:51.005+08:00  INFO 13004 --- [ntainer#0-0-C-1] o.a.k.c.c.internals.ConsumerCoordinator  : [Consumer clientId=consumer-testGroup-1, groupId=testGroup] Setting offset for partition accomplish-0 to the committed offset FetchPosition{offset=5, offsetEpoch=Optional[0], currentLeader=LeaderAndEpoch{leader=Optional[8.140.250.103:9092 (id: 0 rack: null)], epoch=0}}
2024-06-06T22:45:51.005+08:00  INFO 13004 --- [ntainer#1-0-C-1] o.a.k.c.c.internals.ConsumerCoordinator  : [Consumer clientId=consumer-testGroup-2, groupId=testGroup] Setting offset for partition start-0 to the committed offset FetchPosition{offset=5, offsetEpoch=Optional[0], currentLeader=LeaderAndEpoch{leader=Optional[8.140.250.103:9092 (id: 0 rack: null)], epoch=0}}
Hibernate: select wm1_0.id,wm1_0.email,wm1_0.password,wm1_0.phone_number,wm1_0.registration_date,wm1_0.username from user_warehouse_admin wm1_0 where wm1_0.username=?
2024-06-06T22:45:51.140+08:00  INFO 13004 --- [ntainer#0-0-C-1] o.s.k.l.KafkaMessageListenerContainer    : testGroup: partitions assigned: [accomplish-0]
2024-06-06T22:45:51.140+08:00  INFO 13004 --- [ntainer#1-0-C-1] o.s.k.l.KafkaMessageListenerContainer    : testGroup: partitions assigned: [start-0]
Hibernate: select wm1_0.id,wm1_0.email,wm1_0.password,wm1_0.phone_number,wm1_0.registration_date,wm1_0.username from user_warehouse_admin wm1_0 where wm1_0.username=?
Hibernate: select w1_0.manager_id,w1_0.id,w1_0.address,w1_0.description,w1_0.name,w1_0.phone_number from warehouse w1_0 where w1_0.manager_id=?
]]></system-out>
  </testcase>
  <testcase name="userRegisterLoginTestCase" classname="op.warehouse.backend.BackendApplicationTests" time="1.452">
    <system-out><![CDATA[2024-06-06T22:45:51.414+08:00  INFO 13004 --- [           main] o.warehouse.backend.security.JwtFilter   : isAccessAllowed方法被调用
2024-06-06T22:45:51.415+08:00  INFO 13004 --- [           main] o.warehouse.backend.security.JwtFilter   : onAccessDenied方法被调用
2024-06-06T22:45:51.415+08:00  INFO 13004 --- [           main] o.warehouse.backend.security.JwtFilter   : token == null
114514
TestUser1250
11451419@bjtu.edu.cn
18105114514
Hibernate: insert into user_warehouse_admin (email,password,phone_number,registration_date,username) values (?,?,?,?,?)
Hibernate: select wm1_0.id,wm1_0.email,wm1_0.password,wm1_0.phone_number,wm1_0.registration_date,wm1_0.username from user_warehouse_admin wm1_0 where wm1_0.username=?
Hibernate: select w1_0.manager_id,w1_0.id,w1_0.address,w1_0.description,w1_0.name,w1_0.phone_number from warehouse w1_0 where w1_0.manager_id=?
2024-06-06T22:45:51.890+08:00  INFO 13004 --- [           main] o.warehouse.backend.security.JwtFilter   : isAccessAllowed方法被调用
2024-06-06T22:45:51.890+08:00  INFO 13004 --- [           main] o.warehouse.backend.security.JwtFilter   : onAccessDenied方法被调用
Hibernate: select wm1_0.id,wm1_0.email,wm1_0.password,wm1_0.phone_number,wm1_0.registration_date,wm1_0.username from user_warehouse_admin wm1_0 where wm1_0.username=?
Hibernate: select w1_0.manager_id,w1_0.id,w1_0.address,w1_0.description,w1_0.name,w1_0.phone_number from warehouse w1_0 where w1_0.manager_id=?
2024-06-06T22:45:52.002+08:00  INFO 13004 --- [           main] o.warehouse.backend.security.JwtFilter   : JWT success
2024-06-06T22:45:52.006+08:00  INFO 13004 --- [           main] o.w.backend.security.AccountRealm        : 获取角色权限
2024-06-06T22:45:52.006+08:00  INFO 13004 --- [           main] o.w.backend.security.AccountRealm        : [WAREHOUSE_MANAGER]
2024-06-06T22:45:52.007+08:00  INFO 13004 --- [           main] o.w.backend.security.AccountRealm        : 获取角色权限
2024-06-06T22:45:52.007+08:00  INFO 13004 --- [           main] o.w.backend.security.AccountRealm        : [WAREHOUSE_MANAGER]
2024-06-06T22:45:52.007+08:00  INFO 13004 --- [           main] o.w.backend.security.AccountRealm        : 获取角色权限
2024-06-06T22:45:52.007+08:00  INFO 13004 --- [           main] o.w.backend.security.AccountRealm        : [WAREHOUSE_MANAGER]
Hibernate: select wm1_0.id,wm1_0.email,wm1_0.password,wm1_0.phone_number,wm1_0.registration_date,wm1_0.username,w1_0.manager_id,w1_0.id,w1_0.address,w1_0.description,w1_0.name,w1_0.phone_number from user_warehouse_admin wm1_0 left join warehouse w1_0 on wm1_0.id=w1_0.manager_id where wm1_0.id=?
Optional[op.warehouse.backend.entity.WarehouseManager@4d424aea]
2024-06-06T22:45:52.228+08:00  INFO 13004 --- [           main] o.warehouse.backend.security.JwtFilter   : isAccessAllowed方法被调用
2024-06-06T22:45:52.228+08:00  INFO 13004 --- [           main] o.warehouse.backend.security.JwtFilter   : onAccessDenied方法被调用
Hibernate: select wm1_0.id,wm1_0.email,wm1_0.password,wm1_0.phone_number,wm1_0.registration_date,wm1_0.username from user_warehouse_admin wm1_0 where wm1_0.username=?
Hibernate: select w1_0.manager_id,w1_0.id,w1_0.address,w1_0.description,w1_0.name,w1_0.phone_number from warehouse w1_0 where w1_0.manager_id=?
2024-06-06T22:45:52.302+08:00  INFO 13004 --- [           main] o.warehouse.backend.security.JwtFilter   : JWT success
2024-06-06T22:45:52.304+08:00  INFO 13004 --- [           main] o.w.backend.security.AccountRealm        : 获取角色权限
2024-06-06T22:45:52.304+08:00  INFO 13004 --- [           main] o.w.backend.security.AccountRealm        : [WAREHOUSE_MANAGER]
2024-06-06T22:45:52.304+08:00  INFO 13004 --- [           main] o.w.backend.security.AccountRealm        : 获取角色权限
2024-06-06T22:45:52.304+08:00  INFO 13004 --- [           main] o.w.backend.security.AccountRealm        : [WAREHOUSE_MANAGER]
2024-06-06T22:45:52.304+08:00  INFO 13004 --- [           main] o.w.backend.security.AccountRealm        : 获取角色权限
2024-06-06T22:45:52.304+08:00  INFO 13004 --- [           main] o.w.backend.security.AccountRealm        : [WAREHOUSE_MANAGER]
Hibernate: select wm1_0.id,wm1_0.email,wm1_0.password,wm1_0.phone_number,wm1_0.registration_date,wm1_0.username,w1_0.manager_id,w1_0.id,w1_0.address,w1_0.description,w1_0.name,w1_0.phone_number from user_warehouse_admin wm1_0 left join warehouse w1_0 on wm1_0.id=w1_0.manager_id where wm1_0.id=?
Hibernate: delete from user_warehouse_admin where id=?
Hibernate: select wm1_0.id,wm1_0.email,wm1_0.password,wm1_0.phone_number,wm1_0.registration_date,wm1_0.username from user_warehouse_admin wm1_0 where wm1_0.username=?
]]></system-out>
  </testcase>
  <testcase name="extraTestCaseCreateUserNull" classname="op.warehouse.backend.BackendApplicationTests" time="0.159">
    <system-out><![CDATA[Hibernate: insert into user_warehouse_admin (email,password,phone_number,registration_date,username) values (?,?,?,?,?)
2024-06-06T22:45:52.782+08:00  WARN 13004 --- [           main] o.h.engine.jdbc.spi.SqlExceptionHelper   : SQL Error: 1048, SQLState: 23000
2024-06-06T22:45:52.782+08:00 ERROR 13004 --- [           main] o.h.engine.jdbc.spi.SqlExceptionHelper   : Column 'email' cannot be null
]]></system-out>
  </testcase>
  <testcase name="extraTestCaseCreateUserNull2" classname="op.warehouse.backend.BackendApplicationTests" time="0.139">
    <system-out><![CDATA[Hibernate: insert into user_warehouse_admin (email,password,phone_number,registration_date,username) values (?,?,?,?,?)
2024-06-06T22:45:52.931+08:00  WARN 13004 --- [           main] o.h.engine.jdbc.spi.SqlExceptionHelper   : SQL Error: 1048, SQLState: 23000
2024-06-06T22:45:52.931+08:00 ERROR 13004 --- [           main] o.h.engine.jdbc.spi.SqlExceptionHelper   : Column 'password' cannot be null
]]></system-out>
  </testcase>
  <testcase name="extraTestCaseCreateUserNull3" classname="op.warehouse.backend.BackendApplicationTests" time="0.139">
    <system-out><![CDATA[Hibernate: insert into user_warehouse_admin (email,password,phone_number,registration_date,username) values (?,?,?,?,?)
2024-06-06T22:45:53.070+08:00  WARN 13004 --- [           main] o.h.engine.jdbc.spi.SqlExceptionHelper   : SQL Error: 1048, SQLState: 23000
2024-06-06T22:45:53.070+08:00 ERROR 13004 --- [           main] o.h.engine.jdbc.spi.SqlExceptionHelper   : Column 'phone_number' cannot be null
]]></system-out>
  </testcase>
  <testcase name="extraTestCaseCreateUserNull4" classname="op.warehouse.backend.BackendApplicationTests" time="0.136">
    <system-out><![CDATA[Hibernate: insert into user_warehouse_admin (email,password,phone_number,registration_date,username) values (?,?,?,?,?)
2024-06-06T22:45:53.209+08:00  WARN 13004 --- [           main] o.h.engine.jdbc.spi.SqlExceptionHelper   : SQL Error: 1048, SQLState: 23000
2024-06-06T22:45:53.209+08:00 ERROR 13004 --- [           main] o.h.engine.jdbc.spi.SqlExceptionHelper   : Column 'username' cannot be null
]]></system-out>
  </testcase>
  <testcase name="extraTestCaseCreateUserNull5" classname="op.warehouse.backend.BackendApplicationTests" time="0.141">
    <system-out><![CDATA[Hibernate: insert into user_warehouse_admin (email,password,phone_number,registration_date,username) values (?,?,?,?,?)
2024-06-06T22:45:53.348+08:00  WARN 13004 --- [           main] o.h.engine.jdbc.spi.SqlExceptionHelper   : SQL Error: 1062, SQLState: 23000
2024-06-06T22:45:53.348+08:00 ERROR 13004 --- [           main] o.h.engine.jdbc.spi.SqlExceptionHelper   : Duplicate entry 'TestUser' for key 'user_warehouse_admin.UK_r43af9ap4edm43mmtq01oddj6'
]]></system-out>
  </testcase>
  <testcase name="extraTestCaseCreateUserNull6" classname="op.warehouse.backend.BackendApplicationTests" time="0.531">
    <system-out><![CDATA[Hibernate: insert into user_warehouse_admin (email,password,phone_number,registration_date,username) values (?,?,?,?,?)
Hibernate: insert into user_warehouse_admin (email,password,phone_number,registration_date,username) values (?,?,?,?,?)
2024-06-06T22:45:53.630+08:00  WARN 13004 --- [           main] o.h.engine.jdbc.spi.SqlExceptionHelper   : SQL Error: 1062, SQLState: 23000
2024-06-06T22:45:53.630+08:00 ERROR 13004 --- [           main] o.h.engine.jdbc.spi.SqlExceptionHelper   : Duplicate entry 'TestUserJsDlka@hdsak' for key 'user_warehouse_admin.UK_r43af9ap4edm43mmtq01oddj6'
could not execute statement [Duplicate entry 'TestUserJsDlka@hdsak' for key 'user_warehouse_admin.UK_r43af9ap4edm43mmtq01oddj6'] [insert into user_warehouse_admin (email,password,phone_number,registration_date,username) values (?,?,?,?,?)]; SQL [insert into user_warehouse_admin (email,password,phone_number,registration_date,username) values (?,?,?,?,?)]; constraint [user_warehouse_admin.UK_r43af9ap4edm43mmtq01oddj6]
Hibernate: select wm1_0.id,wm1_0.email,wm1_0.password,wm1_0.phone_number,wm1_0.registration_date,wm1_0.username from user_warehouse_admin wm1_0 where wm1_0.username=?
Hibernate: select w1_0.manager_id,w1_0.id,w1_0.address,w1_0.description,w1_0.name,w1_0.phone_number from warehouse w1_0 where w1_0.manager_id=?
Hibernate: select wm1_0.id,wm1_0.email,wm1_0.password,wm1_0.phone_number,wm1_0.registration_date,wm1_0.username,w1_0.manager_id,w1_0.id,w1_0.address,w1_0.description,w1_0.name,w1_0.phone_number from user_warehouse_admin wm1_0 left join warehouse w1_0 on wm1_0.id=w1_0.manager_id where wm1_0.id=?
Hibernate: delete from user_warehouse_admin where id=?
]]></system-out>
  </testcase>
</testsuite>